Performing C SOURCE FILE Test CMAKE_HAVE_LIBC_PTHREAD failed with the following output:
Change Dir: /home/sdev/dev/ping-pong/build/CMakeFiles/CMakeTmp

Run Build Command(s):/usr/bin/ninja cmTC_c0c63 && [1/2  50% :: 0.032] Building C object CMakeFiles/cmTC_c0c63.dir/src.c.o
[2/2 100% :: 0.081] Linking C executable cmTC_c0c63
FAILED: cmTC_c0c63 
: && /bin/clang-12 -DCMAKE_HAVE_LIBC_PTHREAD  CMakeFiles/cmTC_c0c63.dir/src.c.o -o cmTC_c0c63   && :
/bin/ld: CMakeFiles/cmTC_c0c63.dir/src.c.o: in function `main':
src.c:(.text+0x35): undefined reference to `pthread_create'
/bin/ld: src.c:(.text+0x3e): undefined reference to `pthread_detach'
/bin/ld: src.c:(.text+0x47): undefined reference to `pthread_cancel'
/bin/ld: src.c:(.text+0x54): undefined reference to `pthread_join'
clang: error: linker command failed with exit code 1 (use -v to see invocation)
ninja: build stopped: subcommand failed.


Source file was:
#include <pthread.h>

void* test_func(void* data)
{
  return data;
}

int main(void)
{
  pthread_t thread;
  pthread_create(&thread, NULL, test_func, NULL);
  pthread_detach(thread);
  pthread_cancel(thread);
  pthread_join(thread, NULL);
  pthread_atfork(NULL, NULL, NULL);
  pthread_exit(NULL);

  return 0;
}

Determining if the function pthread_create exists in the pthreads failed with the following output:
Change Dir: /home/sdev/dev/ping-pong/build/CMakeFiles/CMakeTmp

Run Build Command(s):/usr/bin/ninja cmTC_a53a2 && [1/2  50% :: 0.049] Building C object CMakeFiles/cmTC_a53a2.dir/CheckFunctionExists.c.o
[2/2 100% :: 0.093] Linking C executable cmTC_a53a2
FAILED: cmTC_a53a2 
: && /bin/clang-12 -DCHECK_FUNCTION_EXISTS=pthread_create  CMakeFiles/cmTC_a53a2.dir/CheckFunctionExists.c.o -o cmTC_a53a2  -lpthreads && :
/bin/ld: cannot find -lpthreads
clang: error: linker command failed with exit code 1 (use -v to see invocation)
ninja: build stopped: subcommand failed.



